<?xml version="1.0" encoding="UTF-8"?>
<testsuite name="Cucumber" time="22.945" tests="1" skipped="0" failures="1" errors="0">
<testcase classname="Search Functionality to compare courses" name="User is unable to click on All Location" time="22.765">
<failure type="java.lang.AssertionError" message="expected [true] but found [false]">
<![CDATA[java.lang.AssertionError: expected [true] but found [false]
	at org.testng.Assert.fail(Assert.java:111)
	at org.testng.Assert.failNotEquals(Assert.java:1578)
	at org.testng.Assert.assertTrue(Assert.java:57)
	at org.testng.Assert.assertTrue(Assert.java:67)
	at StepDefinition.CompareCourses.click_on_all_location(CompareCourses.java:192)
	at âœ½.Click on All Location(file:///C:/Temp2/Courses/src/test/resource/Features/Courses.feature:59)
]]>
</failure>
<system-out><![CDATA[
Given user is logged in to the Shiksha application..........................passed
When Scroll down to All Location............................................passed
Then Click on All Location..................................................failed
]]></system-out>
</testcase>
</testsuite>
